<?xml version="1.0" encoding="UTF-8"?>
<testsuite name="src.test.LibTest" tests="3" skipped="0" failures="0" errors="0" timestamp="2020-05-26T23:58:41" hostname="togarci-ThinkPad-X250" time="0.473">
  <properties/>
  <testcase name="testSoma()" classname="src.test.LibTest" time="0.012"/>
  <testcase name="testSubtracao1()" classname="src.test.LibTest" time="0.456"/>
  <testcase name="testSubtracao()" classname="src.test.LibTest" time="0.002"/>
  <system-out><![CDATA[]]></system-out>
  <system-err><![CDATA[]]></system-err>
</testsuite>
